Android/appdimens_games/build/intermediates/manifest_merge_blame_file/release/processReleaseManifest/manifest-merger-blame-release-report.txt
1<?xml version="1.0" encoding="utf-8"?>
2<manifest xmlns:android="http://schemas.android.com/apk/res/android"
3    xmlns:tools="http://schemas.android.com/tools"
4    package="com.appdimens.games" >
5
6    <uses-sdk android:minSdkVersion="23" />
7
8    <!-- Hardware features for games (optional) -->
9    <uses-feature
9-->src/main/AndroidManifest.xml:6:5-8:36
10        android:name="android.hardware.touchscreen"
10-->src/main/AndroidManifest.xml:7:9-52
11        android:required="false" />
11-->src/main/AndroidManifest.xml:8:9-33
12    <uses-feature
12-->src/main/AndroidManifest.xml:9:5-11:36
13        android:name="android.hardware.gamepad"
13-->src/main/AndroidManifest.xml:10:9-48
14        android:required="false" />
14-->src/main/AndroidManifest.xml:11:9-33
15    <uses-feature
15-->src/main/AndroidManifest.xml:12:5-14:35
16        android:glEsVersion="0x00020000"
16-->src/main/AndroidManifest.xml:13:9-41
17        android:required="true" />
17-->src/main/AndroidManifest.xml:14:9-32
18
19    <!-- OpenGL ES 3.0 support for advanced games (optional) -->
20    <uses-feature
20-->src/main/AndroidManifest.xml:17:5-19:36
21        android:glEsVersion="0x00030000"
21-->src/main/AndroidManifest.xml:18:9-41
22        android:required="false" />
22-->src/main/AndroidManifest.xml:19:9-33
23
24</manifest>